SoundHoard/app/build/intermediates/manifest_merge_blame_file/debug/manifest-merger-blame-debug-report.txt
1<?xml version="1.0" encoding="utf-8"?>
2<manifest xmlns:android="http://schemas.android.com/apk/res/android"
3    package="com.example.soundhoard"
4    android:versionCode="1"
5    android:versionName="1.0" >
6
7    <uses-sdk
8        android:minSdkVersion="21"
8-->src\main\AndroidManifest.xml
9        android:targetSdkVersion="28" />
9-->src\main\AndroidManifest.xml
10
11    <uses-permission android:name="android.permission.RECORD_AUDIO" />
11-->src\main\AndroidManifest.xml:5:5-70
11-->src\main\AndroidManifest.xml:5:22-68
12    <uses-permission android:name="android.permission.WRITE_EXTERNAL_STORAGE" />
12-->src\main\AndroidManifest.xml:6:5-80
12-->src\main\AndroidManifest.xml:6:22-78
13
14    <application
14-->src\main\AndroidManifest.xml:8:5-41:19
15        android:allowBackup="true"
15-->src\main\AndroidManifest.xml:9:9-35
16        android:appComponentFactory="android.support.v4.app.CoreComponentFactory"
16-->[com.android.support:support-compat:28.0.0] AndroidManifest.xml:22:18-91
17        android:debuggable="true"
18        android:icon="@mipmap/ic_launcher"
18-->src\main\AndroidManifest.xml:10:9-43
19        android:label="@string/app_name"
19-->src\main\AndroidManifest.xml:11:9-41
20        android:roundIcon="@mipmap/ic_launcher_round"
20-->src\main\AndroidManifest.xml:12:9-54
21        android:supportsRtl="true"
21-->src\main\AndroidManifest.xml:13:9-35
22        android:testOnly="true"
23        android:theme="@style/AppTheme" >
23-->src\main\AndroidManifest.xml:14:9-40
24        <activity
24-->src\main\AndroidManifest.xml:15:9-22:20
25            android:name="com.example.soundhoard.Settings"
25-->src\main\AndroidManifest.xml:15:19-43
26            android:parentActivityName="com.example.soundhoard.MainActivity" >
26-->src\main\AndroidManifest.xml:16:13-55
27
28            <!-- The meta-data tag is required if you support API level 15 and lower -->
29            <meta-data
29-->src\main\AndroidManifest.xml:19:13-21:48
30                android:name="android.support.PARENT_ACTIVITY"
30-->src\main\AndroidManifest.xml:20:17-63
31                android:value=".MainActivity" />
31-->src\main\AndroidManifest.xml:21:17-46
32        </activity>
33        <activity
33-->src\main\AndroidManifest.xml:23:9-30:20
34            android:name="com.example.soundhoard.Soundboards"
34-->src\main\AndroidManifest.xml:23:19-46
35            android:parentActivityName="com.example.soundhoard.MainActivity" >
35-->src\main\AndroidManifest.xml:24:13-55
36
37            <!-- The meta-data tag is required if you support API level 15 and lower -->
38            <meta-data
38-->src\main\AndroidManifest.xml:19:13-21:48
39                android:name="android.support.PARENT_ACTIVITY"
39-->src\main\AndroidManifest.xml:20:17-63
40                android:value=".MainActivity" />
40-->src\main\AndroidManifest.xml:21:17-46
41        </activity>
42        <activity
42-->src\main\AndroidManifest.xml:31:9-40:20
43            android:name="com.example.soundhoard.MainActivity"
43-->src\main\AndroidManifest.xml:32:13-41
44            android:label="@string/app_name"
44-->src\main\AndroidManifest.xml:33:13-45
45            android:theme="@style/AppTheme.NoActionBar" >
45-->src\main\AndroidManifest.xml:34:13-56
46            <intent-filter>
46-->src\main\AndroidManifest.xml:35:13-39:29
47                <action android:name="android.intent.action.MAIN" />
47-->src\main\AndroidManifest.xml:36:17-69
47-->src\main\AndroidManifest.xml:36:25-66
48
49                <category android:name="android.intent.category.LAUNCHER" />
49-->src\main\AndroidManifest.xml:38:17-77
49-->src\main\AndroidManifest.xml:38:27-74
50            </intent-filter>
51        </activity>
52    </application>
53
54</manifest>